<?xml version="1.0" encoding="UTF-8"?>
<!-- Generated by org.testng.reporters.JUnitReportReporter -->
<testsuite hostname="DESKTOP-82II777" failures="0" tests="1" name="tests.LoginTestWithDataDriven" time="34.490" errors="0" timestamp="2022-04-05T00:34:58 EET" skipped="0">
  <testcase classname="tests.LoginTestWithDataDriven" name="login" time="34.490"/>
  <system-out/>
</testsuite> <!-- tests.LoginTestWithDataDriven -->
