<?xml version="1.0" encoding="UTF-8"?>
<!-- Generated by org.testng.reporters.JUnitReportReporter -->
<testsuite hostname="DESKTOP-82II777" failures="0" tests="1" name="tests.Login" time="6.766" errors="0" timestamp="2022-04-05T00:33:53 EET" skipped="0">
  <testcase classname="tests.Login" name="invokedbrowser" time="6.766"/>
  <system-out/>
</testsuite> <!-- tests.Login -->
