<?xml version="1.0" encoding="UTF-8"?>
<!-- Generated by org.testng.reporters.JUnitReportReporter -->
<testsuite skipped="0" hostname="DESKTOP-82II777" name="tests.LoginTestWithDataDriven" tests="1" failures="0" timestamp="2022-04-05T01:21:24 EET" time="32.692" errors="0">
  <testcase name="login" time="32.692" classname="tests.LoginTestWithDataDriven"/>
  <system-out/>
</testsuite> <!-- tests.LoginTestWithDataDriven -->
